
Showing logs for build [32mcb-kubecd-environment-pr-179-37-6r596-1[0m stage [32mfrom-build-pack[0m and container [32mstep-credential-initializer-g4d46[0m
{"level":"warn","ts":1583960421.2005703,"logger":"fallback-logger","caller":"logging/config.go:69","msg":"Fetch GitHub commit ID from kodata failed: \"ref: refs/heads/0.8.0-**-support-backwards-incompats\" is not a valid GitHub commit ID"}
{"level":"info","ts":1583960421.2036602,"logger":"fallback-logger","caller":"creds-init/main.go:40","msg":"Credentials initialized."}

Showing logs for build [32mcb-kubecd-environment-pr-179-37-6r596-1[0m stage [32mfrom-build-pack[0m and container [32mstep-working-dir-initializer-mpf9c[0m
{"level":"warn","ts":1583960422.801545,"logger":"fallback-logger","caller":"logging/config.go:69","msg":"Fetch GitHub commit ID from kodata failed: open /var/run/ko/HEAD: no such file or directory"}
{"level":"info","ts":1583960422.8112895,"logger":"fallback-logger","caller":"bash/main.go:64","msg":"Successfully executed command \"sh -c mkdir -p /workspace/source\"; output "}

Showing logs for build [32mcb-kubecd-environment-pr-179-37-6r596-1[0m stage [32mfrom-build-pack[0m and container [32mstep-place-tools[0m

Showing logs for build [32mcb-kubecd-environment-pr-179-37-6r596-1[0m stage [32mfrom-build-pack[0m and container [32mstep-git-source-cb-kubecd-environment-pr-179-37-6r596-gnjwn[0m
{"level":"warn","ts":1583960429.1443942,"logger":"fallback-logger","caller":"logging/config.go:69","msg":"Fetch GitHub commit ID from kodata failed: \"ref: refs/heads/0.8.0-**-support-backwards-incompats\" is not a valid GitHub commit ID"}
{"level":"info","ts":1583960430.335413,"logger":"fallback-logger","caller":"git/git.go:103","msg":"Successfully cloned https://github.com/cb-kubecd/environment-pr-179-37-boot-gke-staging.git @ master in path /workspace/source"}

Showing logs for build [32mcb-kubecd-environment-pr-179-37-6r596-1[0m stage [32mfrom-build-pack[0m and container [32mstep-git-merge[0m
Using SHAs from PULL_REFS=master:03bb0c1f067055db71afffc0973da37e1796c61a,4:b5d44851462d98b134e6e1cf2baa26a608ffbb3a
DEBUG: LC_ALL=C JX_LOG_LEVEL=error git fetch origin --unshallow b5d44851462d98b134e6e1cf2baa26a608ffbb3a: 03bb0c1f067055db71afffc0973da37e1796c61a:
DEBUG: ran git fetch --unshallow origin b5d44851462d98b134e6e1cf2baa26a608ffbb3a: 03bb0c1f067055db71afffc0973da37e1796c61a: in 
DEBUG: LC_ALL=C JX_LOG_LEVEL=error git branch
DEBUG: LC_ALL=C JX_LOG_LEVEL=error git checkout master
DEBUG: ran git checkout master in 
DEBUG: LC_ALL=C JX_LOG_LEVEL=error git reset --hard 03bb0c1f067055db71afffc0973da37e1796c61a
DEBUG: ran git reset --hard 03bb0c1f067055db71afffc0973da37e1796c61a in 
DEBUG: LC_ALL=C JX_LOG_LEVEL=error git clean -fd .
DEBUG: ran clean --force -d . in 
DEBUG: JX_LOG_LEVEL=error LC_ALL=C git merge b5d44851462d98b134e6e1cf2baa26a608ffbb3a
DEBUG: ran git merge b5d44851462d98b134e6e1cf2baa26a608ffbb3a in 
DEBUG: LC_ALL=C JX_LOG_LEVEL=error git log --format=%H%x1f%an%x1f%ae%x1f%cn%x1f%ce%x1f%s%n%b%x1e 03bb0c1f067055db71afffc0973da37e1796c61a..HEAD
Merged SHA b5d44851462d98b134e6e1cf2baa26a608ffbb3a with commit message 'chore: Promote bdd-sbhg-1583959447 to version 0.0.1' into base branch master

Showing logs for build [32mcb-kubecd-environment-pr-179-37-6r596-1[0m stage [32mfrom-build-pack[0m and container [32mstep-build-helm-build[0m
WARNING: No $CHART_REPOSITORY defined so using the default value of: http://jenkins-x-chartmuseum:8080
Adding missing Helm repo: storage.googleapis.com https://storage.googleapis.com/chartmuseum.jenkins-x.io
WARNING: No secrets found on "helm/repos" due: reading the secret "helm/repos" from vault: no secret "helm/repos" not found in vault
Read credentials for https://storage.googleapis.com/chartmuseum.jenkins-x.io from vault helm/repos
Successfully added Helm repository storage.googleapis.com.
Adding missing Helm repo: jenkins-x-chartmuseum http://jenkins-x-chartmuseum:8080
WARNING: No secrets found on "helm/repos" due: reading the secret "helm/repos" from vault: no secret "helm/repos" not found in vault
Read credentials for http://jenkins-x-chartmuseum:8080 from vault helm/repos
Successfully added Helm repository jenkins-x-chartmuseum.
WARNING: No $CHART_REPOSITORY defined so using the default value of: http://jenkins-x-chartmuseum:8080
Adding missing Helm repo: chartmuseum.jenkins-x.io http://chartmuseum.jenkins-x.io
WARNING: No secrets found on "helm/repos" due: reading the secret "helm/repos" from vault: no secret "helm/repos" not found in vault
Read credentials for http://chartmuseum.jenkins-x.io from vault helm/repos
Successfully added Helm repository chartmuseum.jenkins-x.io.
